<?xml version="1.0" encoding="UTF-8"?>
<robot generator="Robot 6.0.2 (Python 3.10.4 on darwin)" generated="20230223 00:02:57.333" rpa="false" schemaversion="3">
<suite id="s1" name="Tests" source="/Users/dzmitrybychkou/PycharmProjects/test/Tests">
<suite id="s1-s1" name="Task2" source="/Users/dzmitrybychkou/PycharmProjects/test/Tests/Task2.robot">
<test id="s1-s1-t1" name="Login with valid credentials should pass" line="12">
<kw name="Open Login Page" library="openweathermap" type="SETUP">
<arg>${URL}</arg>
<kw name="Open Browser" library="SeleniumLibrary">
<arg>${login_page}</arg>
<arg>chrome</arg>
<doc>Opens a new browser instance to the optional ``url``.</doc>
<msg timestamp="20230223 00:02:57.616" level="INFO">Opening browser 'chrome' to base url 'https://openweathermap.org'.</msg>
<status status="PASS" starttime="20230223 00:02:57.616" endtime="20230223 00:03:01.981"/>
</kw>
<kw name="Maximize Browser Window" library="SeleniumLibrary">
<doc>Maximizes current browser window.</doc>
<status status="PASS" starttime="20230223 00:03:01.981" endtime="20230223 00:03:02.597"/>
</kw>
<kw name="Wait Until Element Is Not Visible" library="SeleniumLibrary">
<arg>//*[contains(@class, 'owm-loader')]</arg>
<arg>10s</arg>
<doc>Waits until the element ``locator`` is not visible.</doc>
<status status="PASS" starttime="20230223 00:03:02.598" endtime="20230223 00:03:07.886"/>
</kw>
<kw name="Wait Until Element Is Visible" library="SeleniumLibrary">
<arg>//a[contains(text(),'Sign in')]</arg>
<doc>Waits until the element ``locator`` is visible.</doc>
<status status="PASS" starttime="20230223 00:03:07.886" endtime="20230223 00:03:07.905"/>
</kw>
<kw name="Click Element" library="SeleniumLibrary">
<arg>//a[contains(text(),'Sign in')]</arg>
<doc>Click the element identified by ``locator``.</doc>
<msg timestamp="20230223 00:03:07.905" level="INFO">Clicking element '//a[contains(text(),'Sign in')]'.</msg>
<status status="PASS" starttime="20230223 00:03:07.905" endtime="20230223 00:03:09.436"/>
</kw>
<kw name="Wait Until Page Contains" library="SeleniumLibrary">
<arg>Sign In To Your Account</arg>
<doc>Waits until ``text`` appears on the current page.</doc>
<status status="PASS" starttime="20230223 00:03:09.437" endtime="20230223 00:03:09.466"/>
</kw>
<status status="PASS" starttime="20230223 00:02:57.616" endtime="20230223 00:03:09.466"/>
</kw>
<kw name="Login to openweathermap" library="openweathermap">
<arg>${VALID_USERNAME}</arg>
<arg>${VALID_PASSWORD}</arg>
<kw name="Input Text" library="SeleniumLibrary">
<arg>//*[@id='user_email']</arg>
<arg>${username}</arg>
<doc>Types the given ``text`` into the text field identified by ``locator``.</doc>
<msg timestamp="20230223 00:03:09.470" level="INFO">Typing text 'totest0935@gmail.com' into text field '//*[@id='user_email']'.</msg>
<status status="PASS" starttime="20230223 00:03:09.468" endtime="20230223 00:03:09.754"/>
</kw>
<kw name="Input Password" library="SeleniumLibrary">
<arg>//*[@id='user_password']</arg>
<arg>${password}</arg>
<doc>Types the given password into the text field identified by ``locator``.</doc>
<msg timestamp="20230223 00:03:09.755" level="INFO">Typing password into text field '//*[@id='user_password']'.</msg>
<msg timestamp="20230223 00:03:09.792" level="INFO">Temporally setting log level to: NONE</msg>
<msg timestamp="20230223 00:03:09.856" level="INFO">Log level changed from NONE to INFO.</msg>
<status status="PASS" starttime="20230223 00:03:09.754" endtime="20230223 00:03:09.856"/>
</kw>
<kw name="Click Button" library="SeleniumLibrary">
<arg>//*[@value='Submit']</arg>
<doc>Clicks the button identified by ``locator``.</doc>
<msg timestamp="20230223 00:03:09.857" level="INFO">Clicking button '//*[@value='Submit']'.</msg>
<status status="PASS" starttime="20230223 00:03:09.856" endtime="20230223 00:03:11.001"/>
</kw>
<status status="PASS" starttime="20230223 00:03:09.467" endtime="20230223 00:03:11.001"/>
</kw>
<kw name="Signed In Successfully Alert Should Be Displayed" library="openweathermap">
<kw name="Element Should Be Visible" library="SeleniumLibrary">
<arg>//div[contains(text(),'Signed in successfully.')]</arg>
<doc>Verifies that the element identified by ``locator`` is visible.</doc>
<msg timestamp="20230223 00:03:11.033" level="INFO">Element '//div[contains(text(),'Signed in successfully.')]' is displayed.</msg>
<status status="PASS" starttime="20230223 00:03:11.002" endtime="20230223 00:03:11.033"/>
</kw>
<status status="PASS" starttime="20230223 00:03:11.002" endtime="20230223 00:03:11.033"/>
</kw>
<kw name="Close Browser" library="SeleniumLibrary" type="TEARDOWN">
<doc>Closes the current browser.</doc>
<status status="PASS" starttime="20230223 00:03:11.034" endtime="20230223 00:03:11.237"/>
</kw>
<tag>openweathermap</tag>
<status status="PASS" starttime="20230223 00:02:57.615" endtime="20230223 00:03:11.237"/>
</test>
<test id="s1-s1-t2" name="Login with invalid credentials should fail" line="19">
<kw name="Open Login Page" library="openweathermap" type="SETUP">
<arg>${URL}</arg>
<kw name="Open Browser" library="SeleniumLibrary">
<arg>${login_page}</arg>
<arg>chrome</arg>
<doc>Opens a new browser instance to the optional ``url``.</doc>
<msg timestamp="20230223 00:03:11.241" level="INFO">Opening browser 'chrome' to base url 'https://openweathermap.org'.</msg>
<status status="PASS" starttime="20230223 00:03:11.240" endtime="20230223 00:03:14.882"/>
</kw>
<kw name="Maximize Browser Window" library="SeleniumLibrary">
<doc>Maximizes current browser window.</doc>
<status status="PASS" starttime="20230223 00:03:14.883" endtime="20230223 00:03:15.587"/>
</kw>
<kw name="Wait Until Element Is Not Visible" library="SeleniumLibrary">
<arg>//*[contains(@class, 'owm-loader')]</arg>
<arg>10s</arg>
<doc>Waits until the element ``locator`` is not visible.</doc>
<status status="PASS" starttime="20230223 00:03:15.587" endtime="20230223 00:03:20.429"/>
</kw>
<kw name="Wait Until Element Is Visible" library="SeleniumLibrary">
<arg>//a[contains(text(),'Sign in')]</arg>
<doc>Waits until the element ``locator`` is visible.</doc>
<status status="PASS" starttime="20230223 00:03:20.429" endtime="20230223 00:03:20.448"/>
</kw>
<kw name="Click Element" library="SeleniumLibrary">
<arg>//a[contains(text(),'Sign in')]</arg>
<doc>Click the element identified by ``locator``.</doc>
<msg timestamp="20230223 00:03:20.449" level="INFO">Clicking element '//a[contains(text(),'Sign in')]'.</msg>
<status status="PASS" starttime="20230223 00:03:20.448" endtime="20230223 00:03:22.532"/>
</kw>
<kw name="Wait Until Page Contains" library="SeleniumLibrary">
<arg>Sign In To Your Account</arg>
<doc>Waits until ``text`` appears on the current page.</doc>
<status status="PASS" starttime="20230223 00:03:22.532" endtime="20230223 00:03:22.544"/>
</kw>
<status status="PASS" starttime="20230223 00:03:11.239" endtime="20230223 00:03:22.544"/>
</kw>
<kw name="Login with invalid credentials should fail" library="openweathermap">
<arg>${EMPTY_USERNAME}</arg>
<arg>${VALID_PASSWORD}</arg>
<kw name="Login to openweathermap" library="openweathermap">
<arg>${username}</arg>
<arg>${password}</arg>
<kw name="Input Text" library="SeleniumLibrary">
<arg>//*[@id='user_email']</arg>
<arg>${username}</arg>
<doc>Types the given ``text`` into the text field identified by ``locator``.</doc>
<msg timestamp="20230223 00:03:22.546" level="INFO">Typing text '' into text field '//*[@id='user_email']'.</msg>
<status status="PASS" starttime="20230223 00:03:22.546" endtime="20230223 00:03:22.653"/>
</kw>
<kw name="Input Password" library="SeleniumLibrary">
<arg>//*[@id='user_password']</arg>
<arg>${password}</arg>
<doc>Types the given password into the text field identified by ``locator``.</doc>
<msg timestamp="20230223 00:03:22.654" level="INFO">Typing password into text field '//*[@id='user_password']'.</msg>
<msg timestamp="20230223 00:03:22.694" level="INFO">Temporally setting log level to: NONE</msg>
<msg timestamp="20230223 00:03:22.863" level="INFO">Log level changed from NONE to INFO.</msg>
<status status="PASS" starttime="20230223 00:03:22.654" endtime="20230223 00:03:22.863"/>
</kw>
<kw name="Click Button" library="SeleniumLibrary">
<arg>//*[@value='Submit']</arg>
<doc>Clicks the button identified by ``locator``.</doc>
<msg timestamp="20230223 00:03:22.864" level="INFO">Clicking button '//*[@value='Submit']'.</msg>
<status status="PASS" starttime="20230223 00:03:22.863" endtime="20230223 00:03:23.155"/>
</kw>
<status status="PASS" starttime="20230223 00:03:22.545" endtime="20230223 00:03:23.155"/>
</kw>
<kw name="Invalid Email Or Password Alert Should Be Displayed" library="openweathermap">
<kw name="Element Should Be Visible" library="SeleniumLibrary">
<arg>//div[contains(text(),'Invalid Email or password.')]</arg>
<doc>Verifies that the element identified by ``locator`` is visible.</doc>
<msg timestamp="20230223 00:03:23.178" level="INFO">Element '//div[contains(text(),'Invalid Email or password.')]' is displayed.</msg>
<status status="PASS" starttime="20230223 00:03:23.155" endtime="20230223 00:03:23.178"/>
</kw>
<status status="PASS" starttime="20230223 00:03:23.155" endtime="20230223 00:03:23.178"/>
</kw>
<status status="PASS" starttime="20230223 00:03:22.545" endtime="20230223 00:03:23.178"/>
</kw>
<kw name="Login with invalid credentials should fail" library="openweathermap">
<arg>${VALID_USERNAME}</arg>
<arg>${EMPTY_PASSWORD}</arg>
<kw name="Login to openweathermap" library="openweathermap">
<arg>${username}</arg>
<arg>${password}</arg>
<kw name="Input Text" library="SeleniumLibrary">
<arg>//*[@id='user_email']</arg>
<arg>${username}</arg>
<doc>Types the given ``text`` into the text field identified by ``locator``.</doc>
<msg timestamp="20230223 00:03:23.181" level="INFO">Typing text 'totest0935@gmail.com' into text field '//*[@id='user_email']'.</msg>
<status status="PASS" starttime="20230223 00:03:23.181" endtime="20230223 00:03:23.282"/>
</kw>
<kw name="Input Password" library="SeleniumLibrary">
<arg>//*[@id='user_password']</arg>
<arg>${password}</arg>
<doc>Types the given password into the text field identified by ``locator``.</doc>
<msg timestamp="20230223 00:03:23.283" level="INFO">Typing password into text field '//*[@id='user_password']'.</msg>
<msg timestamp="20230223 00:03:23.323" level="INFO">Temporally setting log level to: NONE</msg>
<msg timestamp="20230223 00:03:23.373" level="INFO">Log level changed from NONE to INFO.</msg>
<status status="PASS" starttime="20230223 00:03:23.283" endtime="20230223 00:03:23.373"/>
</kw>
<kw name="Click Button" library="SeleniumLibrary">
<arg>//*[@value='Submit']</arg>
<doc>Clicks the button identified by ``locator``.</doc>
<msg timestamp="20230223 00:03:23.374" level="INFO">Clicking button '//*[@value='Submit']'.</msg>
<status status="PASS" starttime="20230223 00:03:23.374" endtime="20230223 00:03:23.750"/>
</kw>
<status status="PASS" starttime="20230223 00:03:23.180" endtime="20230223 00:03:23.750"/>
</kw>
<kw name="Invalid Email Or Password Alert Should Be Displayed" library="openweathermap">
<kw name="Element Should Be Visible" library="SeleniumLibrary">
<arg>//div[contains(text(),'Invalid Email or password.')]</arg>
<doc>Verifies that the element identified by ``locator`` is visible.</doc>
<msg timestamp="20230223 00:03:23.787" level="INFO">Element '//div[contains(text(),'Invalid Email or password.')]' is displayed.</msg>
<status status="PASS" starttime="20230223 00:03:23.750" endtime="20230223 00:03:23.787"/>
</kw>
<status status="PASS" starttime="20230223 00:03:23.750" endtime="20230223 00:03:23.788"/>
</kw>
<status status="PASS" starttime="20230223 00:03:23.179" endtime="20230223 00:03:23.788"/>
</kw>
<kw name="Login with invalid credentials should fail" library="openweathermap">
<arg>${INVALID_USERNAME}</arg>
<arg>${VALID_PASSWORD}</arg>
<kw name="Login to openweathermap" library="openweathermap">
<arg>${username}</arg>
<arg>${password}</arg>
<kw name="Input Text" library="SeleniumLibrary">
<arg>//*[@id='user_email']</arg>
<arg>${username}</arg>
<doc>Types the given ``text`` into the text field identified by ``locator``.</doc>
<msg timestamp="20230223 00:03:23.790" level="INFO">Typing text 'totest0936@gmail.com' into text field '//*[@id='user_email']'.</msg>
<status status="PASS" starttime="20230223 00:03:23.789" endtime="20230223 00:03:23.891"/>
</kw>
<kw name="Input Password" library="SeleniumLibrary">
<arg>//*[@id='user_password']</arg>
<arg>${password}</arg>
<doc>Types the given password into the text field identified by ``locator``.</doc>
<msg timestamp="20230223 00:03:23.892" level="INFO">Typing password into text field '//*[@id='user_password']'.</msg>
<msg timestamp="20230223 00:03:23.933" level="INFO">Temporally setting log level to: NONE</msg>
<msg timestamp="20230223 00:03:23.992" level="INFO">Log level changed from NONE to INFO.</msg>
<status status="PASS" starttime="20230223 00:03:23.891" endtime="20230223 00:03:23.992"/>
</kw>
<kw name="Click Button" library="SeleniumLibrary">
<arg>//*[@value='Submit']</arg>
<doc>Clicks the button identified by ``locator``.</doc>
<msg timestamp="20230223 00:03:23.993" level="INFO">Clicking button '//*[@value='Submit']'.</msg>
<status status="PASS" starttime="20230223 00:03:23.992" endtime="20230223 00:03:24.368"/>
</kw>
<status status="PASS" starttime="20230223 00:03:23.789" endtime="20230223 00:03:24.369"/>
</kw>
<kw name="Invalid Email Or Password Alert Should Be Displayed" library="openweathermap">
<kw name="Element Should Be Visible" library="SeleniumLibrary">
<arg>//div[contains(text(),'Invalid Email or password.')]</arg>
<doc>Verifies that the element identified by ``locator`` is visible.</doc>
<msg timestamp="20230223 00:03:24.389" level="INFO">Element '//div[contains(text(),'Invalid Email or password.')]' is displayed.</msg>
<status status="PASS" starttime="20230223 00:03:24.369" endtime="20230223 00:03:24.389"/>
</kw>
<status status="PASS" starttime="20230223 00:03:24.369" endtime="20230223 00:03:24.389"/>
</kw>
<status status="PASS" starttime="20230223 00:03:23.788" endtime="20230223 00:03:24.390"/>
</kw>
<kw name="Login with invalid credentials should fail" library="openweathermap">
<arg>${VALID_USERNAME}</arg>
<arg>${INVALID_PASSWORD}</arg>
<kw name="Login to openweathermap" library="openweathermap">
<arg>${username}</arg>
<arg>${password}</arg>
<kw name="Input Text" library="SeleniumLibrary">
<arg>//*[@id='user_email']</arg>
<arg>${username}</arg>
<doc>Types the given ``text`` into the text field identified by ``locator``.</doc>
<msg timestamp="20230223 00:03:24.391" level="INFO">Typing text 'totest0935@gmail.com' into text field '//*[@id='user_email']'.</msg>
<status status="PASS" starttime="20230223 00:03:24.391" endtime="20230223 00:03:24.491"/>
</kw>
<kw name="Input Password" library="SeleniumLibrary">
<arg>//*[@id='user_password']</arg>
<arg>${password}</arg>
<doc>Types the given password into the text field identified by ``locator``.</doc>
<msg timestamp="20230223 00:03:24.493" level="INFO">Typing password into text field '//*[@id='user_password']'.</msg>
<msg timestamp="20230223 00:03:24.536" level="INFO">Temporally setting log level to: NONE</msg>
<msg timestamp="20230223 00:03:24.604" level="INFO">Log level changed from NONE to INFO.</msg>
<status status="PASS" starttime="20230223 00:03:24.492" endtime="20230223 00:03:24.605"/>
</kw>
<kw name="Click Button" library="SeleniumLibrary">
<arg>//*[@value='Submit']</arg>
<doc>Clicks the button identified by ``locator``.</doc>
<msg timestamp="20230223 00:03:24.606" level="INFO">Clicking button '//*[@value='Submit']'.</msg>
<status status="PASS" starttime="20230223 00:03:24.605" endtime="20230223 00:03:25.003"/>
</kw>
<status status="PASS" starttime="20230223 00:03:24.390" endtime="20230223 00:03:25.004"/>
</kw>
<kw name="Invalid Email Or Password Alert Should Be Displayed" library="openweathermap">
<kw name="Element Should Be Visible" library="SeleniumLibrary">
<arg>//div[contains(text(),'Invalid Email or password.')]</arg>
<doc>Verifies that the element identified by ``locator`` is visible.</doc>
<msg timestamp="20230223 00:03:25.021" level="INFO">Element '//div[contains(text(),'Invalid Email or password.')]' is displayed.</msg>
<status status="PASS" starttime="20230223 00:03:25.004" endtime="20230223 00:03:25.021"/>
</kw>
<status status="PASS" starttime="20230223 00:03:25.004" endtime="20230223 00:03:25.021"/>
</kw>
<status status="PASS" starttime="20230223 00:03:24.390" endtime="20230223 00:03:25.022"/>
</kw>
<kw name="Close Browser" library="SeleniumLibrary" type="TEARDOWN">
<doc>Closes the current browser.</doc>
<status status="PASS" starttime="20230223 00:03:25.022" endtime="20230223 00:03:25.187"/>
</kw>
<tag>openweathermap</tag>
<status status="PASS" starttime="20230223 00:03:11.238" endtime="20230223 00:03:25.187"/>
</test>
<test id="s1-s1-t3" name="Authorization notification can be closed" line="33">
<kw name="Open Login Page" library="openweathermap" type="SETUP">
<arg>${URL}</arg>
<kw name="Open Browser" library="SeleniumLibrary">
<arg>${login_page}</arg>
<arg>chrome</arg>
<doc>Opens a new browser instance to the optional ``url``.</doc>
<msg timestamp="20230223 00:03:25.190" level="INFO">Opening browser 'chrome' to base url 'https://openweathermap.org'.</msg>
<status status="PASS" starttime="20230223 00:03:25.190" endtime="20230223 00:03:29.281"/>
</kw>
<kw name="Maximize Browser Window" library="SeleniumLibrary">
<doc>Maximizes current browser window.</doc>
<status status="PASS" starttime="20230223 00:03:29.282" endtime="20230223 00:03:29.795"/>
</kw>
<kw name="Wait Until Element Is Not Visible" library="SeleniumLibrary">
<arg>//*[contains(@class, 'owm-loader')]</arg>
<arg>10s</arg>
<doc>Waits until the element ``locator`` is not visible.</doc>
<status status="PASS" starttime="20230223 00:03:29.796" endtime="20230223 00:03:34.765"/>
</kw>
<kw name="Wait Until Element Is Visible" library="SeleniumLibrary">
<arg>//a[contains(text(),'Sign in')]</arg>
<doc>Waits until the element ``locator`` is visible.</doc>
<status status="PASS" starttime="20230223 00:03:34.765" endtime="20230223 00:03:34.784"/>
</kw>
<kw name="Click Element" library="SeleniumLibrary">
<arg>//a[contains(text(),'Sign in')]</arg>
<doc>Click the element identified by ``locator``.</doc>
<msg timestamp="20230223 00:03:34.785" level="INFO">Clicking element '//a[contains(text(),'Sign in')]'.</msg>
<status status="PASS" starttime="20230223 00:03:34.784" endtime="20230223 00:03:36.295"/>
</kw>
<kw name="Wait Until Page Contains" library="SeleniumLibrary">
<arg>Sign In To Your Account</arg>
<doc>Waits until ``text`` appears on the current page.</doc>
<status status="PASS" starttime="20230223 00:03:36.295" endtime="20230223 00:03:36.307"/>
</kw>
<status status="PASS" starttime="20230223 00:03:25.189" endtime="20230223 00:03:36.308"/>
</kw>
<kw name="Login to openweathermap" library="openweathermap">
<arg>${VALID_USERNAME}</arg>
<arg>${VALID_PASSWORD}</arg>
<kw name="Input Text" library="SeleniumLibrary">
<arg>//*[@id='user_email']</arg>
<arg>${username}</arg>
<doc>Types the given ``text`` into the text field identified by ``locator``.</doc>
<msg timestamp="20230223 00:03:36.310" level="INFO">Typing text 'totest0935@gmail.com' into text field '//*[@id='user_email']'.</msg>
<status status="PASS" starttime="20230223 00:03:36.309" endtime="20230223 00:03:36.523"/>
</kw>
<kw name="Input Password" library="SeleniumLibrary">
<arg>//*[@id='user_password']</arg>
<arg>${password}</arg>
<doc>Types the given password into the text field identified by ``locator``.</doc>
<msg timestamp="20230223 00:03:36.525" level="INFO">Typing password into text field '//*[@id='user_password']'.</msg>
<msg timestamp="20230223 00:03:36.580" level="INFO">Temporally setting log level to: NONE</msg>
<msg timestamp="20230223 00:03:36.643" level="INFO">Log level changed from NONE to INFO.</msg>
<status status="PASS" starttime="20230223 00:03:36.523" endtime="20230223 00:03:36.643"/>
</kw>
<kw name="Click Button" library="SeleniumLibrary">
<arg>//*[@value='Submit']</arg>
<doc>Clicks the button identified by ``locator``.</doc>
<msg timestamp="20230223 00:03:36.644" level="INFO">Clicking button '//*[@value='Submit']'.</msg>
<status status="PASS" starttime="20230223 00:03:36.643" endtime="20230223 00:03:37.726"/>
</kw>
<status status="PASS" starttime="20230223 00:03:36.308" endtime="20230223 00:03:37.726"/>
</kw>
<kw name="Close Signed Successfully Alert" library="openweathermap">
<kw name="Click Button" library="SeleniumLibrary">
<arg>//*[@class='close']</arg>
<doc>Clicks the button identified by ``locator``.</doc>
<msg timestamp="20230223 00:03:37.728" level="INFO">Clicking button '//*[@class='close']'.</msg>
<status status="PASS" starttime="20230223 00:03:37.727" endtime="20230223 00:03:37.788"/>
</kw>
<status status="PASS" starttime="20230223 00:03:37.726" endtime="20230223 00:03:37.788"/>
</kw>
<kw name="Alert Should Not Be Displayed" library="openweathermap">
<kw name="Element Should Not Be Visible" library="SeleniumLibrary">
<arg>//div[contains(text(),'Signed in successfully.')]</arg>
<doc>Verifies that the element identified by ``locator`` is NOT visible.</doc>
<msg timestamp="20230223 00:03:37.801" level="INFO">Element '//div[contains(text(),'Signed in successfully.')]' did not exist.</msg>
<status status="PASS" starttime="20230223 00:03:37.789" endtime="20230223 00:03:37.801"/>
</kw>
<status status="PASS" starttime="20230223 00:03:37.789" endtime="20230223 00:03:37.801"/>
</kw>
<kw name="Close Browser" library="SeleniumLibrary" type="TEARDOWN">
<doc>Closes the current browser.</doc>
<status status="PASS" starttime="20230223 00:03:37.801" endtime="20230223 00:03:37.963"/>
</kw>
<tag>openweathermap</tag>
<status status="PASS" starttime="20230223 00:03:25.188" endtime="20230223 00:03:37.964"/>
</test>
<test id="s1-s1-t4" name="Authorization notification is not closed automatically" line="39">
<kw name="Open Login Page" library="openweathermap" type="SETUP">
<arg>${URL}</arg>
<kw name="Open Browser" library="SeleniumLibrary">
<arg>${login_page}</arg>
<arg>chrome</arg>
<doc>Opens a new browser instance to the optional ``url``.</doc>
<msg timestamp="20230223 00:03:37.966" level="INFO">Opening browser 'chrome' to base url 'https://openweathermap.org'.</msg>
<status status="PASS" starttime="20230223 00:03:37.966" endtime="20230223 00:03:41.610"/>
</kw>
<kw name="Maximize Browser Window" library="SeleniumLibrary">
<doc>Maximizes current browser window.</doc>
<status status="PASS" starttime="20230223 00:03:41.611" endtime="20230223 00:03:42.074"/>
</kw>
<kw name="Wait Until Element Is Not Visible" library="SeleniumLibrary">
<arg>//*[contains(@class, 'owm-loader')]</arg>
<arg>10s</arg>
<doc>Waits until the element ``locator`` is not visible.</doc>
<status status="PASS" starttime="20230223 00:03:42.075" endtime="20230223 00:03:47.086"/>
</kw>
<kw name="Wait Until Element Is Visible" library="SeleniumLibrary">
<arg>//a[contains(text(),'Sign in')]</arg>
<doc>Waits until the element ``locator`` is visible.</doc>
<status status="PASS" starttime="20230223 00:03:47.086" endtime="20230223 00:03:47.107"/>
</kw>
<kw name="Click Element" library="SeleniumLibrary">
<arg>//a[contains(text(),'Sign in')]</arg>
<doc>Click the element identified by ``locator``.</doc>
<msg timestamp="20230223 00:03:47.108" level="INFO">Clicking element '//a[contains(text(),'Sign in')]'.</msg>
<status status="PASS" starttime="20230223 00:03:47.107" endtime="20230223 00:03:48.578"/>
</kw>
<kw name="Wait Until Page Contains" library="SeleniumLibrary">
<arg>Sign In To Your Account</arg>
<doc>Waits until ``text`` appears on the current page.</doc>
<status status="PASS" starttime="20230223 00:03:48.579" endtime="20230223 00:03:48.591"/>
</kw>
<status status="PASS" starttime="20230223 00:03:37.965" endtime="20230223 00:03:48.591"/>
</kw>
<kw name="Login to openweathermap" library="openweathermap">
<arg>${VALID_USERNAME}</arg>
<arg>${VALID_PASSWORD}</arg>
<kw name="Input Text" library="SeleniumLibrary">
<arg>//*[@id='user_email']</arg>
<arg>${username}</arg>
<doc>Types the given ``text`` into the text field identified by ``locator``.</doc>
<msg timestamp="20230223 00:03:48.594" level="INFO">Typing text 'totest0935@gmail.com' into text field '//*[@id='user_email']'.</msg>
<status status="PASS" starttime="20230223 00:03:48.593" endtime="20230223 00:03:48.810"/>
</kw>
<kw name="Input Password" library="SeleniumLibrary">
<arg>//*[@id='user_password']</arg>
<arg>${password}</arg>
<doc>Types the given password into the text field identified by ``locator``.</doc>
<msg timestamp="20230223 00:03:48.813" level="INFO">Typing password into text field '//*[@id='user_password']'.</msg>
<msg timestamp="20230223 00:03:48.874" level="INFO">Temporally setting log level to: NONE</msg>
<msg timestamp="20230223 00:03:48.934" level="INFO">Log level changed from NONE to INFO.</msg>
<status status="PASS" starttime="20230223 00:03:48.810" endtime="20230223 00:03:48.934"/>
</kw>
<kw name="Click Button" library="SeleniumLibrary">
<arg>//*[@value='Submit']</arg>
<doc>Clicks the button identified by ``locator``.</doc>
<msg timestamp="20230223 00:03:48.935" level="INFO">Clicking button '//*[@value='Submit']'.</msg>
<status status="PASS" starttime="20230223 00:03:48.934" endtime="20230223 00:03:49.921"/>
</kw>
<status status="PASS" starttime="20230223 00:03:48.592" endtime="20230223 00:03:49.922"/>
</kw>
<kw name="Sleep" library="BuiltIn">
<arg>1m</arg>
<doc>Pauses the test executed for the given time.</doc>
<msg timestamp="20230223 00:04:49.923" level="INFO">Slept 1 minute</msg>
<status status="PASS" starttime="20230223 00:03:49.922" endtime="20230223 00:04:49.923"/>
</kw>
<kw name="Signed In Successfully Alert Should Be Displayed" library="openweathermap">
<kw name="Element Should Be Visible" library="SeleniumLibrary">
<arg>//div[contains(text(),'Signed in successfully.')]</arg>
<doc>Verifies that the element identified by ``locator`` is visible.</doc>
<msg timestamp="20230223 00:04:49.945" level="INFO">Element '//div[contains(text(),'Signed in successfully.')]' is displayed.</msg>
<status status="PASS" starttime="20230223 00:04:49.924" endtime="20230223 00:04:49.945"/>
</kw>
<status status="PASS" starttime="20230223 00:04:49.923" endtime="20230223 00:04:49.945"/>
</kw>
<kw name="Close Browser" library="SeleniumLibrary" type="TEARDOWN">
<doc>Closes the current browser.</doc>
<status status="PASS" starttime="20230223 00:04:49.946" endtime="20230223 00:04:50.094"/>
</kw>
<tag>openweathermap</tag>
<status status="PASS" starttime="20230223 00:03:37.965" endtime="20230223 00:04:50.094"/>
</test>
<test id="s1-s1-t5" name="User logout" line="47">
<kw name="Open Login Page" library="openweathermap" type="SETUP">
<arg>${URL}</arg>
<kw name="Open Browser" library="SeleniumLibrary">
<arg>${login_page}</arg>
<arg>chrome</arg>
<doc>Opens a new browser instance to the optional ``url``.</doc>
<msg timestamp="20230223 00:04:50.097" level="INFO">Opening browser 'chrome' to base url 'https://openweathermap.org'.</msg>
<status status="PASS" starttime="20230223 00:04:50.096" endtime="20230223 00:04:53.502"/>
</kw>
<kw name="Maximize Browser Window" library="SeleniumLibrary">
<doc>Maximizes current browser window.</doc>
<status status="PASS" starttime="20230223 00:04:53.502" endtime="20230223 00:04:53.978"/>
</kw>
<kw name="Wait Until Element Is Not Visible" library="SeleniumLibrary">
<arg>//*[contains(@class, 'owm-loader')]</arg>
<arg>10s</arg>
<doc>Waits until the element ``locator`` is not visible.</doc>
<status status="PASS" starttime="20230223 00:04:53.978" endtime="20230223 00:04:59.213"/>
</kw>
<kw name="Wait Until Element Is Visible" library="SeleniumLibrary">
<arg>//a[contains(text(),'Sign in')]</arg>
<doc>Waits until the element ``locator`` is visible.</doc>
<status status="PASS" starttime="20230223 00:04:59.213" endtime="20230223 00:04:59.233"/>
</kw>
<kw name="Click Element" library="SeleniumLibrary">
<arg>//a[contains(text(),'Sign in')]</arg>
<doc>Click the element identified by ``locator``.</doc>
<msg timestamp="20230223 00:04:59.233" level="INFO">Clicking element '//a[contains(text(),'Sign in')]'.</msg>
<status status="PASS" starttime="20230223 00:04:59.233" endtime="20230223 00:05:00.788"/>
</kw>
<kw name="Wait Until Page Contains" library="SeleniumLibrary">
<arg>Sign In To Your Account</arg>
<doc>Waits until ``text`` appears on the current page.</doc>
<status status="PASS" starttime="20230223 00:05:00.788" endtime="20230223 00:05:00.801"/>
</kw>
<status status="PASS" starttime="20230223 00:04:50.096" endtime="20230223 00:05:00.801"/>
</kw>
<kw name="Login to openweathermap" library="openweathermap">
<arg>${VALID_USERNAME}</arg>
<arg>${VALID_PASSWORD}</arg>
<kw name="Input Text" library="SeleniumLibrary">
<arg>//*[@id='user_email']</arg>
<arg>${username}</arg>
<doc>Types the given ``text`` into the text field identified by ``locator``.</doc>
<msg timestamp="20230223 00:05:00.802" level="INFO">Typing text 'totest0935@gmail.com' into text field '//*[@id='user_email']'.</msg>
<status status="PASS" starttime="20230223 00:05:00.802" endtime="20230223 00:05:00.996"/>
</kw>
<kw name="Input Password" library="SeleniumLibrary">
<arg>//*[@id='user_password']</arg>
<arg>${password}</arg>
<doc>Types the given password into the text field identified by ``locator``.</doc>
<msg timestamp="20230223 00:05:00.997" level="INFO">Typing password into text field '//*[@id='user_password']'.</msg>
<msg timestamp="20230223 00:05:01.049" level="INFO">Temporally setting log level to: NONE</msg>
<msg timestamp="20230223 00:05:01.100" level="INFO">Log level changed from NONE to INFO.</msg>
<status status="PASS" starttime="20230223 00:05:00.997" endtime="20230223 00:05:01.100"/>
</kw>
<kw name="Click Button" library="SeleniumLibrary">
<arg>//*[@value='Submit']</arg>
<doc>Clicks the button identified by ``locator``.</doc>
<msg timestamp="20230223 00:05:01.100" level="INFO">Clicking button '//*[@value='Submit']'.</msg>
<status status="PASS" starttime="20230223 00:05:01.100" endtime="20230223 00:05:02.366"/>
</kw>
<status status="PASS" starttime="20230223 00:05:00.801" endtime="20230223 00:05:02.366"/>
</kw>
<kw name="Logout from openweathermap" library="openweathermap">
<kw name="Click Element" library="SeleniumLibrary">
<arg>//div[@class='inner-user-container']</arg>
<doc>Click the element identified by ``locator``.</doc>
<msg timestamp="20230223 00:05:02.368" level="INFO">Clicking element '//div[@class='inner-user-container']'.</msg>
<status status="PASS" starttime="20230223 00:05:02.367" endtime="20230223 00:05:02.409"/>
</kw>
<kw name="Click Element" library="SeleniumLibrary">
<arg>//a[@class='logout']</arg>
<doc>Click the element identified by ``locator``.</doc>
<msg timestamp="20230223 00:05:02.410" level="INFO">Clicking element '//a[@class='logout']'.</msg>
<status status="PASS" starttime="20230223 00:05:02.409" endtime="20230223 00:05:02.767"/>
</kw>
<status status="PASS" starttime="20230223 00:05:02.367" endtime="20230223 00:05:02.767"/>
</kw>
<kw name="Signed Out Notification Should Be Displayed" library="openweathermap">
<kw name="Element Should Be Visible" library="SeleniumLibrary">
<arg>//div[contains(text(),'You need to sign in or sign up before continuing.')]</arg>
<doc>Verifies that the element identified by ``locator`` is visible.</doc>
<msg timestamp="20230223 00:05:02.803" level="INFO">Element '//div[contains(text(),'You need to sign in or sign up before continuing.')]' is displayed.</msg>
<status status="PASS" starttime="20230223 00:05:02.768" endtime="20230223 00:05:02.803"/>
</kw>
<status status="PASS" starttime="20230223 00:05:02.768" endtime="20230223 00:05:02.804"/>
</kw>
<kw name="Close Browser" library="SeleniumLibrary" type="TEARDOWN">
<doc>Closes the current browser.</doc>
<status status="PASS" starttime="20230223 00:05:02.804" endtime="20230223 00:05:02.932"/>
</kw>
<tag>openweathermap</tag>
<status status="PASS" starttime="20230223 00:04:50.095" endtime="20230223 00:05:02.933"/>
</test>
<status status="PASS" starttime="20230223 00:02:57.362" endtime="20230223 00:05:02.934"/>
</suite>
<status status="PASS" starttime="20230223 00:02:57.335" endtime="20230223 00:05:02.936"/>
</suite>
<statistics>
<total>
<stat pass="5" fail="0" skip="0">All Tests</stat>
</total>
<tag>
<stat pass="5" fail="0" skip="0">openweathermap</stat>
</tag>
<suite>
<stat pass="5" fail="0" skip="0" id="s1" name="Tests">Tests</stat>
<stat pass="5" fail="0" skip="0" id="s1-s1" name="Task2">Tests.Task2</stat>
</suite>
</statistics>
<errors>
</errors>
</robot>
